<?xml version="1.0" encoding="UTF-8"?>
<testng-results ignored="14" total="18" passed="4" failed="0" skipped="0">
  <reporter-output>
  </reporter-output>
  <suite started-at="2021-11-26T12:20:40 IST" name="Suite" finished-at="2021-11-26T12:22:19 IST" duration-ms="98723">
    <groups>
      <group name="Sanity">
        <method signature="Accountcreationtest.validateaccountcreationpage()[pri:0, instance:com.mystore.testcases.Accountcreationtest@434a63ab]" name="validateaccountcreationpage" class="com.mystore.testcases.Accountcreationtest"/>
        <method signature="Addtocarttest.validateaddtocarttest()[pri:0, instance:com.mystore.testcases.Addtocarttest@3a44431a]" name="validateaddtocarttest" class="com.mystore.testcases.Addtocarttest"/>
        <method signature="Loginpagetest.Logintest(java.lang.String,java.lang.String)[pri:0, instance:com.mystore.testcases.Loginpagetest@6e0f5f7f]" name="Logintest" class="com.mystore.testcases.Loginpagetest"/>
      </group> <!-- Sanity -->
      <group name="Regression">
        <method signature="Addtocarttest.validateaddtocarttest()[pri:0, instance:com.mystore.testcases.Addtocarttest@3a44431a]" name="validateaddtocarttest" class="com.mystore.testcases.Addtocarttest"/>
      </group> <!-- Regression -->
      <group name="Smoke">
        <method signature="Loginpagetest.Logintest(java.lang.String,java.lang.String)[pri:0, instance:com.mystore.testcases.Loginpagetest@6e0f5f7f]" name="Logintest" class="com.mystore.testcases.Loginpagetest"/>
      </group> <!-- Smoke -->
    </groups>
    <test started-at="2021-11-26T12:20:40 IST" name="Sanity_Test" finished-at="2021-11-26T12:22:19 IST" duration-ms="98723">
      <class name="com.mystore.testcases.Homepagetest">
        <test-method is-config="true" signature="loadconfig()[pri:0, instance:com.mystore.testcases.Homepagetest@c88a337]" started-at="2021-11-26T12:20:40 IST" name="loadconfig" finished-at="2021-11-26T12:20:40 IST" duration-ms="438" status="PASS">
          <reporter-output>
          </reporter-output>
        </test-method> <!-- loadconfig -->
      </class> <!-- com.mystore.testcases.Homepagetest -->
      <class name="com.mystore.testcases.Accountcreationtest">
        <test-method is-config="true" signature="setup(java.lang.String)[pri:0, instance:com.mystore.testcases.Accountcreationtest@434a63ab]" started-at="2021-11-26T12:20:40 IST" name="setup" finished-at="2021-11-26T12:20:56 IST" duration-ms="15999" status="PASS">
          <params>
            <param index="0">
              <value>
                <![CDATA[Chrome]]>
              </value>
            </param>
          </params>
          <reporter-output>
          </reporter-output>
        </test-method> <!-- setup -->
        <test-method signature="validateaccountcreationpage()[pri:0, instance:com.mystore.testcases.Accountcreationtest@434a63ab]" started-at="2021-11-26T12:20:56 IST" name="validateaccountcreationpage" finished-at="2021-11-26T12:21:02 IST" duration-ms="5639" status="PASS">
          <reporter-output>
          </reporter-output>
        </test-method> <!-- validateaccountcreationpage -->
        <test-method is-config="true" signature="teardown()[pri:0, instance:com.mystore.testcases.Accountcreationtest@434a63ab]" started-at="2021-11-26T12:21:02 IST" name="teardown" finished-at="2021-11-26T12:21:03 IST" duration-ms="776" status="PASS">
          <reporter-output>
          </reporter-output>
        </test-method> <!-- teardown -->
      </class> <!-- com.mystore.testcases.Accountcreationtest -->
      <class name="com.mystore.testcases.Loginpagetest">
        <test-method is-config="true" signature="setup(java.lang.String)[pri:0, instance:com.mystore.testcases.Loginpagetest@6e0f5f7f]" started-at="2021-11-26T12:21:04 IST" name="setup" finished-at="2021-11-26T12:21:20 IST" duration-ms="16038" status="PASS">
          <params>
            <param index="0">
              <value>
                <![CDATA[Chrome]]>
              </value>
            </param>
          </params>
          <reporter-output>
          </reporter-output>
        </test-method> <!-- setup -->
        <test-method signature="Logintest(java.lang.String,java.lang.String)[pri:0, instance:com.mystore.testcases.Loginpagetest@6e0f5f7f]" started-at="2021-11-26T12:21:20 IST" name="Logintest" data-provider="credentials" finished-at="2021-11-26T12:21:28 IST" duration-ms="8241" status="PASS">
          <params>
            <param index="0">
              <value>
                <![CDATA[admin@xyz.com]]>
              </value>
            </param>
            <param index="1">
              <value>
                <![CDATA[admin@123]]>
              </value>
            </param>
          </params>
          <reporter-output>
          </reporter-output>
        </test-method> <!-- Logintest -->
        <test-method is-config="true" signature="teardown()[pri:0, instance:com.mystore.testcases.Loginpagetest@6e0f5f7f]" started-at="2021-11-26T12:21:28 IST" name="teardown" finished-at="2021-11-26T12:21:29 IST" duration-ms="796" status="PASS">
          <reporter-output>
          </reporter-output>
        </test-method> <!-- teardown -->
        <test-method is-config="true" signature="setup(java.lang.String)[pri:0, instance:com.mystore.testcases.Loginpagetest@6e0f5f7f]" started-at="2021-11-26T12:21:29 IST" name="setup" finished-at="2021-11-26T12:21:46 IST" duration-ms="17083" status="PASS">
          <params>
            <param index="0">
              <value>
                <![CDATA[Chrome]]>
              </value>
            </param>
          </params>
          <reporter-output>
          </reporter-output>
        </test-method> <!-- setup -->
        <test-method signature="Logintest(java.lang.String,java.lang.String)[pri:0, instance:com.mystore.testcases.Loginpagetest@6e0f5f7f]" started-at="2021-11-26T12:21:46 IST" name="Logintest" data-provider="credentials" finished-at="2021-11-26T12:21:52 IST" duration-ms="6453" status="PASS">
          <params>
            <param index="0">
              <value>
                <![CDATA[vijaygouda278@gmail.com]]>
              </value>
            </param>
            <param index="1">
              <value>
                <![CDATA[Vijaymystore1234]]>
              </value>
            </param>
          </params>
          <reporter-output>
          </reporter-output>
        </test-method> <!-- Logintest -->
        <test-method is-config="true" signature="teardown()[pri:0, instance:com.mystore.testcases.Loginpagetest@6e0f5f7f]" started-at="2021-11-26T12:21:52 IST" name="teardown" finished-at="2021-11-26T12:21:53 IST" duration-ms="806" status="PASS">
          <reporter-output>
          </reporter-output>
        </test-method> <!-- teardown -->
      </class> <!-- com.mystore.testcases.Loginpagetest -->
      <class name="com.mystore.testcases.Addtocarttest">
        <test-method is-config="true" signature="setup(java.lang.String)[pri:0, instance:com.mystore.testcases.Addtocarttest@3a44431a]" started-at="2021-11-26T12:21:53 IST" name="setup" finished-at="2021-11-26T12:22:08 IST" duration-ms="14774" status="PASS">
          <params>
            <param index="0">
              <value>
                <![CDATA[Chrome]]>
              </value>
            </param>
          </params>
          <reporter-output>
          </reporter-output>
        </test-method> <!-- setup -->
        <test-method signature="validateaddtocarttest()[pri:0, instance:com.mystore.testcases.Addtocarttest@3a44431a]" started-at="2021-11-26T12:22:08 IST" name="validateaddtocarttest" finished-at="2021-11-26T12:22:18 IST" duration-ms="10216" status="PASS">
          <reporter-output>
          </reporter-output>
        </test-method> <!-- validateaddtocarttest -->
        <test-method is-config="true" signature="teardown()[pri:0, instance:com.mystore.testcases.Addtocarttest@3a44431a]" started-at="2021-11-26T12:22:18 IST" name="teardown" finished-at="2021-11-26T12:22:19 IST" duration-ms="758" status="PASS">
          <reporter-output>
          </reporter-output>
        </test-method> <!-- teardown -->
      </class> <!-- com.mystore.testcases.Addtocarttest -->
    </test> <!-- Sanity_Test -->
  </suite> <!-- Suite -->
</testng-results>
