<?xml version="1.0" encoding="UTF-8"?>
<!-- Generated by org.testng.reporters.JUnitXMLReporter -->
<testsuite ignored="0" hostname="vijay-PC" failures="1" tests="2" name="Chrome_test" time="275.538" errors="0" timestamp="2021-11-24T15:42:28 IST">
  <testcase classname="com.mystore.testcases.IndexpageTest" name="verifylogo" time="0.191"/>
  <testcase classname="com.mystore.testcases.IndexpageTest" name="verifytitle" time="0.029">
    <failure type="java.lang.AssertionError" message="expected [My Store] but found [508 Resource Limit Is Reached]">
      <![CDATA[java.lang.AssertionError: expected [My Store] but found [508 Resource Limit Is Reached]
at com.mystore.testcases.IndexpageTest.verifytitle(IndexpageTest.java:44)
at java.base/java.util.ArrayList.forEach(ArrayList.java:1511)
at java.base/java.util.concurrent.FutureTask.run(FutureTask.java:264)
at java.base/java.util.concurrent.ThreadPoolExecutor.runWorker(ThreadPoolExecutor.java:1130)
at java.base/java.util.concurrent.ThreadPoolExecutor$Worker.run(ThreadPoolExecutor.java:630)
at java.base/java.lang.Thread.run(Thread.java:831)
... Removed 24 stack frames]]>
    </failure>
  </testcase> <!-- verifytitle -->
</testsuite> <!-- Chrome_test -->
