<?xml version="1.0" encoding="UTF-8"?>
<!-- Generated by org.testng.reporters.JUnitXMLReporter -->
<testsuite ignored="21" hostname="vijay-PC" failures="0" tests="4" name="Sanity_Test" time="618.683" errors="0" timestamp="2021-11-24T15:33:18 IST">
  <testcase classname="com.mystore.testcases.Accountcreationtest" name="validateaccountcreationpage" time="60.308"/>
  <testcase classname="com.mystore.testcases.Loginpagetest" name="Logintest" time="44.974"/>
  <testcase classname="com.mystore.testcases.Loginpagetest" name="Logintest" time="26.459"/>
  <testcase classname="com.mystore.testcases.Addtocarttest" name="validateaddtocarttest" time="70.53"/>
  <testcase classname="com.mystore.base.BaseClass" name="@BeforeSuite beforeSuite" time="0.0">
    <ignored/>
  </testcase> <!-- @BeforeSuite beforeSuite -->
  <testcase classname="com.mystore.base.BaseClass" name="@BeforeSuite beforeSuite" time="0.0">
    <ignored/>
  </testcase> <!-- @BeforeSuite beforeSuite -->
  <testcase classname="com.mystore.base.BaseClass" name="@BeforeSuite beforeSuite" time="0.0">
    <ignored/>
  </testcase> <!-- @BeforeSuite beforeSuite -->
  <testcase classname="com.mystore.base.BaseClass" name="@BeforeSuite beforeSuite" time="0.0">
    <ignored/>
  </testcase> <!-- @BeforeSuite beforeSuite -->
  <testcase classname="com.mystore.base.BaseClass" name="@BeforeSuite beforeSuite" time="0.0">
    <ignored/>
  </testcase> <!-- @BeforeSuite beforeSuite -->
  <testcase classname="com.mystore.base.BaseClass" name="@BeforeSuite beforeSuite" time="0.0">
    <ignored/>
  </testcase> <!-- @BeforeSuite beforeSuite -->
  <testcase classname="com.mystore.base.BaseClass" name="@BeforeSuite beforeSuite" time="0.0">
    <ignored/>
  </testcase> <!-- @BeforeSuite beforeSuite -->
  <testcase classname="com.mystore.base.BaseClass" name="@BeforeTest loadconfig" time="0.0">
    <ignored/>
  </testcase> <!-- @BeforeTest loadconfig -->
  <testcase classname="com.mystore.base.BaseClass" name="@BeforeTest loadconfig" time="0.0">
    <ignored/>
  </testcase> <!-- @BeforeTest loadconfig -->
  <testcase classname="com.mystore.base.BaseClass" name="@BeforeTest loadconfig" time="0.0">
    <ignored/>
  </testcase> <!-- @BeforeTest loadconfig -->
  <testcase classname="com.mystore.base.BaseClass" name="@BeforeTest loadconfig" time="0.0">
    <ignored/>
  </testcase> <!-- @BeforeTest loadconfig -->
  <testcase classname="com.mystore.base.BaseClass" name="@BeforeTest loadconfig" time="0.0">
    <ignored/>
  </testcase> <!-- @BeforeTest loadconfig -->
  <testcase classname="com.mystore.base.BaseClass" name="@BeforeTest loadconfig" time="0.0">
    <ignored/>
  </testcase> <!-- @BeforeTest loadconfig -->
  <testcase classname="com.mystore.base.BaseClass" name="@BeforeTest loadconfig" time="0.0">
    <ignored/>
  </testcase> <!-- @BeforeTest loadconfig -->
  <testcase classname="com.mystore.testcases.EndtoEndtest" name="validateorderpagetest" time="0.0">
    <ignored/>
  </testcase> <!-- validateorderpagetest -->
  <testcase classname="com.mystore.testcases.Orderpagetest" name="validateorderpagetest" time="0.0">
    <ignored/>
  </testcase> <!-- validateorderpagetest -->
  <testcase classname="com.mystore.testcases.Searchresulttest" name="validatesearchpage" time="0.0">
    <ignored/>
  </testcase> <!-- validatesearchpage -->
  <testcase classname="com.mystore.testcases.IndexpageTest" name="verifytitle" time="0.0">
    <ignored/>
  </testcase> <!-- verifytitle -->
  <testcase classname="com.mystore.testcases.IndexpageTest" name="verifylogo" time="0.0">
    <ignored/>
  </testcase> <!-- verifylogo -->
  <testcase classname="com.mystore.testcases.Homepagetest" name="orderofmywishlist" time="0.0">
    <ignored/>
  </testcase> <!-- orderofmywishlist -->
  <testcase classname="com.mystore.testcases.Homepagetest" name="validatemywishlist" time="0.0">
    <ignored/>
  </testcase> <!-- validatemywishlist -->
</testsuite> <!-- Sanity_Test -->
