<?xml version="1.0" encoding="UTF-8"?>
<!-- Generated by org.testng.reporters.JUnitXMLReporter -->
<testsuite ignored="14" hostname="vijay-PC" failures="0" tests="4" name="Sanity_Test" time="98.723" errors="0" timestamp="2021-11-26T12:22:19 IST">
  <testcase classname="com.mystore.testcases.Accountcreationtest" name="validateaccountcreationpage" time="5.639"/>
  <testcase classname="com.mystore.testcases.Loginpagetest" name="Logintest" time="8.241"/>
  <testcase classname="com.mystore.testcases.Loginpagetest" name="Logintest" time="6.453"/>
  <testcase classname="com.mystore.testcases.Addtocarttest" name="validateaddtocarttest" time="10.216"/>
  <testcase classname="com.mystore.base.BaseClass" name="@BeforeSuite loadconfig" time="0.0">
    <ignored/>
  </testcase> <!-- @BeforeSuite loadconfig -->
  <testcase classname="com.mystore.base.BaseClass" name="@BeforeSuite loadconfig" time="0.0">
    <ignored/>
  </testcase> <!-- @BeforeSuite loadconfig -->
  <testcase classname="com.mystore.base.BaseClass" name="@BeforeSuite loadconfig" time="0.0">
    <ignored/>
  </testcase> <!-- @BeforeSuite loadconfig -->
  <testcase classname="com.mystore.base.BaseClass" name="@BeforeSuite loadconfig" time="0.0">
    <ignored/>
  </testcase> <!-- @BeforeSuite loadconfig -->
  <testcase classname="com.mystore.base.BaseClass" name="@BeforeSuite loadconfig" time="0.0">
    <ignored/>
  </testcase> <!-- @BeforeSuite loadconfig -->
  <testcase classname="com.mystore.base.BaseClass" name="@BeforeSuite loadconfig" time="0.0">
    <ignored/>
  </testcase> <!-- @BeforeSuite loadconfig -->
  <testcase classname="com.mystore.base.BaseClass" name="@BeforeSuite loadconfig" time="0.0">
    <ignored/>
  </testcase> <!-- @BeforeSuite loadconfig -->
  <testcase classname="com.mystore.testcases.EndtoEndtest" name="validateorderpagetest" time="0.0">
    <ignored/>
  </testcase> <!-- validateorderpagetest -->
  <testcase classname="com.mystore.testcases.Orderpagetest" name="validateorderpagetest" time="0.0">
    <ignored/>
  </testcase> <!-- validateorderpagetest -->
  <testcase classname="com.mystore.testcases.Searchresulttest" name="validatesearchpage" time="0.0">
    <ignored/>
  </testcase> <!-- validatesearchpage -->
  <testcase classname="com.mystore.testcases.IndexpageTest" name="verifytitle" time="0.0">
    <ignored/>
  </testcase> <!-- verifytitle -->
  <testcase classname="com.mystore.testcases.IndexpageTest" name="verifylogo" time="0.0">
    <ignored/>
  </testcase> <!-- verifylogo -->
  <testcase classname="com.mystore.testcases.Homepagetest" name="orderofmywishlist" time="0.0">
    <ignored/>
  </testcase> <!-- orderofmywishlist -->
  <testcase classname="com.mystore.testcases.Homepagetest" name="validatemywishlist" time="0.0">
    <ignored/>
  </testcase> <!-- validatemywishlist -->
</testsuite> <!-- Sanity_Test -->
