<?xml version="1.0" encoding="UTF-8"?>
<!-- Generated by org.testng.reporters.JUnitXMLReporter -->
<testsuite ignored="18" hostname="vijay-PC" failures="0" tests="7" name="Smoke_Test" time="778.874" errors="0" timestamp="2021-11-24T11:50:23 IST">
  <testcase classname="com.mystore.testcases.Homepagetest" name="orderofmywishlist" time="22.354"/>
  <testcase classname="com.mystore.testcases.Homepagetest" name="validatemywishlist" time="26.203"/>
  <testcase classname="com.mystore.testcases.Loginpagetest" name="Logintest" time="32.417"/>
  <testcase classname="com.mystore.testcases.Loginpagetest" name="Logintest" time="11.827"/>
  <testcase classname="com.mystore.testcases.Searchresulttest" name="validatesearchpage" time="37.142"/>
  <testcase classname="com.mystore.testcases.IndexpageTest" name="verifylogo" time="0.083"/>
  <testcase classname="com.mystore.testcases.IndexpageTest" name="verifytitle" time="0.008"/>
  <testcase classname="com.mystore.testcases.Accountcreationtest" name="validateaccountcreationpage" time="0.0">
    <ignored/>
  </testcase> <!-- validateaccountcreationpage -->
  <testcase classname="com.mystore.base.BaseClass" name="@BeforeSuite beforeSuite" time="0.0">
    <ignored/>
  </testcase> <!-- @BeforeSuite beforeSuite -->
  <testcase classname="com.mystore.base.BaseClass" name="@BeforeSuite beforeSuite" time="0.0">
    <ignored/>
  </testcase> <!-- @BeforeSuite beforeSuite -->
  <testcase classname="com.mystore.base.BaseClass" name="@BeforeSuite beforeSuite" time="0.0">
    <ignored/>
  </testcase> <!-- @BeforeSuite beforeSuite -->
  <testcase classname="com.mystore.base.BaseClass" name="@BeforeSuite beforeSuite" time="0.0">
    <ignored/>
  </testcase> <!-- @BeforeSuite beforeSuite -->
  <testcase classname="com.mystore.base.BaseClass" name="@BeforeSuite beforeSuite" time="0.0">
    <ignored/>
  </testcase> <!-- @BeforeSuite beforeSuite -->
  <testcase classname="com.mystore.base.BaseClass" name="@BeforeSuite beforeSuite" time="0.0">
    <ignored/>
  </testcase> <!-- @BeforeSuite beforeSuite -->
  <testcase classname="com.mystore.base.BaseClass" name="@BeforeSuite beforeSuite" time="0.0">
    <ignored/>
  </testcase> <!-- @BeforeSuite beforeSuite -->
  <testcase classname="com.mystore.base.BaseClass" name="@BeforeTest loadconfig" time="0.0">
    <ignored/>
  </testcase> <!-- @BeforeTest loadconfig -->
  <testcase classname="com.mystore.base.BaseClass" name="@BeforeTest loadconfig" time="0.0">
    <ignored/>
  </testcase> <!-- @BeforeTest loadconfig -->
  <testcase classname="com.mystore.base.BaseClass" name="@BeforeTest loadconfig" time="0.0">
    <ignored/>
  </testcase> <!-- @BeforeTest loadconfig -->
  <testcase classname="com.mystore.base.BaseClass" name="@BeforeTest loadconfig" time="0.0">
    <ignored/>
  </testcase> <!-- @BeforeTest loadconfig -->
  <testcase classname="com.mystore.base.BaseClass" name="@BeforeTest loadconfig" time="0.0">
    <ignored/>
  </testcase> <!-- @BeforeTest loadconfig -->
  <testcase classname="com.mystore.base.BaseClass" name="@BeforeTest loadconfig" time="0.0">
    <ignored/>
  </testcase> <!-- @BeforeTest loadconfig -->
  <testcase classname="com.mystore.base.BaseClass" name="@BeforeTest loadconfig" time="0.0">
    <ignored/>
  </testcase> <!-- @BeforeTest loadconfig -->
  <testcase classname="com.mystore.testcases.EndtoEndtest" name="validateorderpagetest" time="0.0">
    <ignored/>
  </testcase> <!-- validateorderpagetest -->
  <testcase classname="com.mystore.testcases.Orderpagetest" name="validateorderpagetest" time="0.0">
    <ignored/>
  </testcase> <!-- validateorderpagetest -->
  <testcase classname="com.mystore.testcases.Addtocarttest" name="validateaddtocarttest" time="0.0">
    <ignored/>
  </testcase> <!-- validateaddtocarttest -->
</testsuite> <!-- Smoke_Test -->
