<?xml version="1.0" encoding="UTF-8"?>
<!-- Generated by org.testng.reporters.JUnitXMLReporter -->
<testsuite ignored="14" hostname="vijay-PC" failures="0" tests="11" name="Test_All" time="1207.286" errors="0" timestamp="2021-11-24T20:42:25 IST">
  <testcase classname="com.mystore.testcases.Homepagetest" name="orderofmywishlist" time="19.553"/>
  <testcase classname="com.mystore.testcases.Homepagetest" name="validatemywishlist" time="18.681"/>
  <testcase classname="com.mystore.testcases.Orderpagetest" name="validateorderpagetest" time="19.858"/>
  <testcase classname="com.mystore.testcases.EndtoEndtest" name="validateorderpagetest" time="75.393"/>
  <testcase classname="com.mystore.testcases.Accountcreationtest" name="validateaccountcreationpage" time="9.887"/>
  <testcase classname="com.mystore.testcases.Loginpagetest" name="Logintest" time="5.887"/>
  <testcase classname="com.mystore.testcases.Loginpagetest" name="Logintest" time="8.76"/>
  <testcase classname="com.mystore.testcases.Searchresulttest" name="validatesearchpage" time="2.8"/>
  <testcase classname="com.mystore.testcases.Addtocarttest" name="validateaddtocarttest" time="23.51"/>
  <testcase classname="com.mystore.testcases.IndexpageTest" name="verifylogo" time="0.127"/>
  <testcase classname="com.mystore.testcases.IndexpageTest" name="verifytitle" time="0.045"/>
  <testcase classname="com.mystore.base.BaseClass" name="@BeforeSuite loadconfig" time="0.0">
    <ignored/>
  </testcase> <!-- @BeforeSuite loadconfig -->
  <testcase classname="com.mystore.base.BaseClass" name="@BeforeSuite loadconfig" time="0.0">
    <ignored/>
  </testcase> <!-- @BeforeSuite loadconfig -->
  <testcase classname="com.mystore.base.BaseClass" name="@BeforeSuite loadconfig" time="0.0">
    <ignored/>
  </testcase> <!-- @BeforeSuite loadconfig -->
  <testcase classname="com.mystore.base.BaseClass" name="@BeforeSuite loadconfig" time="0.0">
    <ignored/>
  </testcase> <!-- @BeforeSuite loadconfig -->
  <testcase classname="com.mystore.base.BaseClass" name="@BeforeSuite loadconfig" time="0.0">
    <ignored/>
  </testcase> <!-- @BeforeSuite loadconfig -->
  <testcase classname="com.mystore.base.BaseClass" name="@BeforeSuite loadconfig" time="0.0">
    <ignored/>
  </testcase> <!-- @BeforeSuite loadconfig -->
  <testcase classname="com.mystore.base.BaseClass" name="@BeforeSuite loadconfig" time="0.0">
    <ignored/>
  </testcase> <!-- @BeforeSuite loadconfig -->
  <testcase classname="com.mystore.base.BaseClass" name="@AfterSuite afterSuite" time="0.0">
    <ignored/>
  </testcase> <!-- @AfterSuite afterSuite -->
  <testcase classname="com.mystore.base.BaseClass" name="@AfterSuite afterSuite" time="0.0">
    <ignored/>
  </testcase> <!-- @AfterSuite afterSuite -->
  <testcase classname="com.mystore.base.BaseClass" name="@AfterSuite afterSuite" time="0.0">
    <ignored/>
  </testcase> <!-- @AfterSuite afterSuite -->
  <testcase classname="com.mystore.base.BaseClass" name="@AfterSuite afterSuite" time="0.0">
    <ignored/>
  </testcase> <!-- @AfterSuite afterSuite -->
  <testcase classname="com.mystore.base.BaseClass" name="@AfterSuite afterSuite" time="0.0">
    <ignored/>
  </testcase> <!-- @AfterSuite afterSuite -->
  <testcase classname="com.mystore.base.BaseClass" name="@AfterSuite afterSuite" time="0.0">
    <ignored/>
  </testcase> <!-- @AfterSuite afterSuite -->
  <testcase classname="com.mystore.base.BaseClass" name="@AfterSuite afterSuite" time="0.0">
    <ignored/>
  </testcase> <!-- @AfterSuite afterSuite -->
</testsuite> <!-- Test_All -->
